Determining if the pthread_create exist failed with the following output:
Change Dir: /home/master/Documents/Guerledan/ROSonPi/glider_dir/build/CMakeFiles/CMakeTmp

Run Build Command:"/usr/bin/make" "cmTC_a9e8c/fast"
/usr/bin/make -f CMakeFiles/cmTC_a9e8c.dir/build.make CMakeFiles/cmTC_a9e8c.dir/build
make[1] : on entre dans le répertoire « /home/master/Documents/Guerledan/ROSonPi/glider_dir/build/CMakeFiles/CMakeTmp »
Building C object CMakeFiles/cmTC_a9e8c.dir/CheckSymbolExists.c.o
/usr/bin/cc     -o CMakeFiles/cmTC_a9e8c.dir/CheckSymbolExists.c.o   -c /home/master/Documents/Guerledan/ROSonPi/glider_dir/build/CMakeFiles/CMakeTmp/CheckSymbolExists.c
Linking C executable cmTC_a9e8c
/usr/bin/cmake -E cmake_link_script CMakeFiles/cmTC_a9e8c.dir/link.txt --verbose=1
/usr/bin/cc       CMakeFiles/cmTC_a9e8c.dir/CheckSymbolExists.c.o  -o cmTC_a9e8c -rdynamic 
CMakeFiles/cmTC_a9e8c.dir/CheckSymbolExists.c.o : Dans la fonction « main » :
CheckSymbolExists.c:(.text+0x16) : référence indéfinie vers « pthread_create »
collect2: error: ld returned 1 exit status
CMakeFiles/cmTC_a9e8c.dir/build.make:97 : la recette pour la cible « cmTC_a9e8c » a échouée
make[1]: *** [cmTC_a9e8c] Erreur 1
make[1] : on quitte le répertoire « /home/master/Documents/Guerledan/ROSonPi/glider_dir/build/CMakeFiles/CMakeTmp »
Makefile:126 : la recette pour la cible « cmTC_a9e8c/fast » a échouée
make: *** [cmTC_a9e8c/fast] Erreur 2

File /home/master/Documents/Guerledan/ROSonPi/glider_dir/build/CMakeFiles/CMakeTmp/CheckSymbolExists.c:
/* */
#include <pthread.h>

int main(int argc, char** argv)
{
  (void)argv;
#ifndef pthread_create
  return ((int*)(&pthread_create))[argc];
#else
  (void)argc;
  return 0;
#endif
}

Determining if the function pthread_create exists in the pthreads failed with the following output:
Change Dir: /home/master/Documents/Guerledan/ROSonPi/glider_dir/build/CMakeFiles/CMakeTmp

Run Build Command:"/usr/bin/make" "cmTC_1f86e/fast"
/usr/bin/make -f CMakeFiles/cmTC_1f86e.dir/build.make CMakeFiles/cmTC_1f86e.dir/build
make[1] : on entre dans le répertoire « /home/master/Documents/Guerledan/ROSonPi/glider_dir/build/CMakeFiles/CMakeTmp »
Building C object CMakeFiles/cmTC_1f86e.dir/CheckFunctionExists.c.o
/usr/bin/cc    -DCHECK_FUNCTION_EXISTS=pthread_create   -o CMakeFiles/cmTC_1f86e.dir/CheckFunctionExists.c.o   -c /usr/share/cmake-3.5/Modules/CheckFunctionExists.c
Linking C executable cmTC_1f86e
/usr/bin/cmake -E cmake_link_script CMakeFiles/cmTC_1f86e.dir/link.txt --verbose=1
/usr/bin/cc   -DCHECK_FUNCTION_EXISTS=pthread_create    CMakeFiles/cmTC_1f86e.dir/CheckFunctionExists.c.o  -o cmTC_1f86e -rdynamic -lpthreads 
/usr/bin/ld : ne peut trouver -lpthreads
collect2: error: ld returned 1 exit status
CMakeFiles/cmTC_1f86e.dir/build.make:97 : la recette pour la cible « cmTC_1f86e » a échouée
make[1]: *** [cmTC_1f86e] Erreur 1
make[1] : on quitte le répertoire « /home/master/Documents/Guerledan/ROSonPi/glider_dir/build/CMakeFiles/CMakeTmp »
Makefile:126 : la recette pour la cible « cmTC_1f86e/fast » a échouée
make: *** [cmTC_1f86e/fast] Erreur 2


